MIF/HEX Update report for ran
Sun Apr 24 18:50:42 2016
Quartus II 64-Bit Version 12.1 Build 243 01/31/2013 Service Pack 1 SJ Full Version


---------------------
; Table of Contents ;
---------------------
  1. Legal Notice
  2. MIF/HEX Update Summary
  3. MIF/HEX Update Processed Files
  4. MIF/HEX Update Messages



----------------
; Legal Notice ;
----------------
Copyright (C) 1991-2012 Altera Corporation
Your use of Altera Corporation's design tools, logic functions 
and other software and tools, and its AMPP partner logic 
functions, and any output files from any of the foregoing 
(including device programming or simulation files), and any 
associated documentation or information are expressly subject 
to the terms and conditions of the Altera Program License 
Subscription Agreement, Altera MegaCore Function License 
Agreement, or other applicable license agreement, including, 
without limitation, that your use is for the sole purpose of 
programming logic devices manufactured by Altera and sold by 
Altera or its authorized distributors.  Please refer to the 
applicable agreement for further details.



+-----------------------------------------------------------+
; MIF/HEX Update Summary                                    ;
+-----------------------+-----------------------------------+
; MIF/HEX Update Status ; Failed - Sun Apr 24 18:50:42 2016 ;
; Revision Name         ; ran                               ;
; Top-level Entity Name ; replaceReg                        ;
; Family                ; Cyclone II                        ;
; Device                ; EP2C5T144C6                       ;
+-----------------------+-----------------------------------+


+--------------------------------+
; MIF/HEX Update Processed Files ;
+--------------------------------+
; File Name                      ;
+--------------------------------+


+-------------------------+
; MIF/HEX Update Messages ;
+-------------------------+
Info: *******************************************************************
Info: Running Quartus II 64-Bit MIF/HEX Update
    Info: Version 12.1 Build 243 01/31/2013 Service Pack 1 SJ Full Version
    Info: Processing started: Sun Apr 24 18:50:41 2016
Info: Command: quartus_cdb ran -c ran --update_mif
Error (39022): Found no valid Memory Initialization File to process
Error: Quartus II 64-Bit MIF/HEX Update was unsuccessful. 1 error, 0 warnings
    Error: Peak virtual memory: 881 megabytes
    Error: Processing ended: Sun Apr 24 18:50:42 2016
    Error: Elapsed time: 00:00:01
    Error: Total CPU time (on all processors): 00:00:00


